e:\programs\c++\controlsize - 副本\qrgenerator\debug\vc120.pdb
e:\programs\c++\controlsize - 副本\qrgenerator\debug\vc120.idb
e:\programs\c++\controlsize - 副本\qrgenerator\debug\bitstream.obj
e:\programs\c++\controlsize - 副本\qrgenerator\debug\mask.obj
e:\programs\c++\controlsize - 副本\qrgenerator\debug\mmask.obj
e:\programs\c++\controlsize - 副本\qrgenerator\debug\mqrspec.obj
e:\programs\c++\controlsize - 副本\qrgenerator\debug\qrencode.obj
e:\programs\c++\controlsize - 副本\qrgenerator\debug\qrinput.obj
e:\programs\c++\controlsize - 副本\qrgenerator\debug\qrspec.obj
e:\programs\c++\controlsize - 副本\qrgenerator\debug\rscode.obj
e:\programs\c++\controlsize - 副本\qrgenerator\debug\split.obj
e:\programs\c++\controlsize - 副本\qrgenerator\debug\maskgenerate.obj
e:\programs\c++\controlsize - 副本\qrgenerator\debug\picturetreating.obj
e:\programs\c++\controlsize - 副本\qrgenerator\debug\qrgenerator.obj
e:\programs\c++\controlsize - 副本\qrgenerator\debug\qrmap.obj
e:\programs\c++\controlsize - 副本\qrgenerator\debug\readbmp.obj
e:\programs\c++\controlsize - 副本\qrgenerator\debug\stdafx.obj
e:\programs\c++\controlsize - 副本\debug\qrgenerator.ilk
e:\programs\c++\controlsize - 副本\debug\qrgenerator.dll
e:\programs\c++\controlsize - 副本\debug\qrgenerator.pdb
e:\programs\c++\controlsize - 副本\qrgenerator\debug\qrgenerator.tlog\cl.command.1.tlog
e:\programs\c++\controlsize - 副本\qrgenerator\debug\qrgenerator.tlog\cl.read.1.tlog
e:\programs\c++\controlsize - 副本\qrgenerator\debug\qrgenerator.tlog\cl.write.1.tlog
e:\programs\c++\controlsize - 副本\qrgenerator\debug\qrgenerator.tlog\link.command.1.tlog
e:\programs\c++\controlsize - 副本\qrgenerator\debug\qrgenerator.tlog\link.read.1.tlog
e:\programs\c++\controlsize - 副本\qrgenerator\debug\qrgenerator.tlog\link.write.1.tlog
